0 info it worked if it ends with ok
1 verbose cli [ '/usr/local/bin/node', '/usr/local/bin/npm', 'publish' ]
2 info using npm@2.14.4
3 info using node@v4.1.1
4 verbose publish [ '.' ]
5 silly cache add args [ '.', null ]
6 verbose cache add spec .
7 silly cache add parsed spec Result {
7 silly cache add   raw: '.',
7 silly cache add   scope: null,
7 silly cache add   name: null,
7 silly cache add   rawSpec: '.',
7 silly cache add   spec: '/Users/micahwilliamson/Projects/similar-article',
7 silly cache add   type: 'directory' }
8 verbose addLocalDirectory /Users/micahwilliamson/.npm/similar-article/1.0.2/package.tgz not in flight; packing
9 verbose tar pack [ '/Users/micahwilliamson/.npm/similar-article/1.0.2/package.tgz',
9 verbose tar pack   '/Users/micahwilliamson/Projects/similar-article' ]
10 verbose tarball /Users/micahwilliamson/.npm/similar-article/1.0.2/package.tgz
11 verbose folder /Users/micahwilliamson/Projects/similar-article
12 info prepublish similar-article@1.0.2
13 verbose addLocalTarball adding from inside cache /Users/micahwilliamson/.npm/similar-article/1.0.2/package.tgz
14 silly cache afterAdd similar-article@1.0.2
15 verbose afterAdd /Users/micahwilliamson/.npm/similar-article/1.0.2/package/package.json not in flight; writing
16 verbose afterAdd /Users/micahwilliamson/.npm/similar-article/1.0.2/package/package.json written
17 silly publish { name: 'similar-article',
17 silly publish   version: '1.0.2',
17 silly publish   description: 'Gives you a similarity score between two articles based on keyword density.',
17 silly publish   main: 'index.js',
17 silly publish   scripts: { test: 'echo "Error: no test specified" && exit 1' },
17 silly publish   repository:
17 silly publish    { type: 'git',
17 silly publish      url: 'git+https://github.com/iamchairs/similar-article.git' },
17 silly publish   author: { name: 'Micah Williamson' },
17 silly publish   license: 'MIT',
17 silly publish   bugs: { url: 'https://github.com/iamchairs/similar-article/issues' },
17 silly publish   homepage: 'https://github.com/iamchairs/similar-article#readme',
17 silly publish   readme: 'similar-article\n---------------\n\n**moved to relevant-article**\n\nhttps://www.npmjs.com/package/relevant-article\nhttps://github.com/iamchairs/relevant-article',
17 silly publish   readmeFilename: 'README.md',
17 silly publish   gitHead: '3147fc130dae4b493b6bd8b5fda53cb6ac0b965b',
17 silly publish   _id: 'similar-article@1.0.2',
17 silly publish   _shasum: '991f3ae960403969b1c1cdb46b5bc83fb990024a',
17 silly publish   _from: '.' }
18 verbose getPublishConfig undefined
19 silly mapToRegistry name similar-article
20 silly mapToRegistry using default registry
21 silly mapToRegistry registry https://registry.npmjs.org/
22 silly mapToRegistry uri https://registry.npmjs.org/similar-article
23 verbose publish registryBase https://registry.npmjs.org/
24 silly publish uploading /Users/micahwilliamson/.npm/similar-article/1.0.2/package.tgz
25 verbose request uri https://registry.npmjs.org/similar-article
26 verbose request sending authorization for write operation
27 info attempt registry request try #1 at 9:14:06 PM
28 verbose request using bearer token for auth
29 verbose request id 5d0cbfb49731d2dd
30 http request PUT https://registry.npmjs.org/similar-article
31 http 403 https://registry.npmjs.org/similar-article
32 verbose headers { 'content-type': 'application/json',
32 verbose headers   'cache-control': 'max-age=60',
32 verbose headers   'content-length': '95',
32 verbose headers   'accept-ranges': 'bytes',
32 verbose headers   date: 'Thu, 05 Nov 2015 03:14:07 GMT',
32 verbose headers   via: '1.1 varnish',
32 verbose headers   connection: 'keep-alive',
32 verbose headers   'x-served-by': 'cache-dfw1832-DFW',
32 verbose headers   'x-cache': 'MISS',
32 verbose headers   'x-cache-hits': '0',
32 verbose headers   'x-timer': 'S1446693246.297413,VS0,VE908' }
33 verbose request invalidating /Users/micahwilliamson/.npm/registry.npmjs.org/similar-article on PUT
34 error publish Failed PUT 403
35 verbose stack Error: "You cannot publish over the previously published version 1.0.2." : similar-article
35 verbose stack     at makeError (/usr/local/lib/node_modules/npm/node_modules/npm-registry-client/lib/request.js:263:12)
35 verbose stack     at CachingRegistryClient.<anonymous> (/usr/local/lib/node_modules/npm/node_modules/npm-registry-client/lib/request.js:251:14)
35 verbose stack     at Request._callback (/usr/local/lib/node_modules/npm/node_modules/npm-registry-client/lib/request.js:171:14)
35 verbose stack     at Request.self.callback (/usr/local/lib/node_modules/npm/node_modules/request/request.js:198:22)
35 verbose stack     at emitTwo (events.js:87:13)
35 verbose stack     at Request.emit (events.js:172:7)
35 verbose stack     at Request.<anonymous> (/usr/local/lib/node_modules/npm/node_modules/request/request.js:1073:14)
35 verbose stack     at emitOne (events.js:82:20)
35 verbose stack     at Request.emit (events.js:169:7)
35 verbose stack     at IncomingMessage.<anonymous> (/usr/local/lib/node_modules/npm/node_modules/request/request.js:1019:12)
36 verbose statusCode 403
37 verbose pkgid similar-article
38 verbose cwd /Users/micahwilliamson/Projects/similar-article
39 error Darwin 15.0.0
40 error argv "/usr/local/bin/node" "/usr/local/bin/npm" "publish"
41 error node v4.1.1
42 error npm  v2.14.4
43 error code E403
44 error "You cannot publish over the previously published version 1.0.2." : similar-article
45 error If you need help, you may report this error at:
45 error     <https://github.com/npm/npm/issues>
46 verbose exit [ 1, true ]
